<?xml version="1.0" encoding="UTF-8"?>
<testng-results ignored="0" total="1" passed="1" failed="0" skipped="0">
  <reporter-output>
  </reporter-output>
  <suite started-at="2024-07-20T10:25:50 IST" name="Suite" finished-at="2024-07-20T10:25:59 IST" duration-ms="8392">
    <groups>
    </groups>
    <test started-at="2024-07-20T10:25:50 IST" name="test" finished-at="2024-07-20T10:25:59 IST" duration-ms="8392">
      <class name="com.netbanking.testcases.TC001_Login_Test">
        <test-method is-config="true" signature="setup(java.lang.String)[pri:0, instance:com.netbanking.testcases.TC001_Login_Test@2034b64c]" started-at="2024-07-20T10:25:50 IST" name="setup" finished-at="2024-07-20T10:25:52 IST" duration-ms="1796" status="PASS">
          <params>
            <param index="0">
              <value>
                <![CDATA[chrome]]>
              </value>
            </param>
          </params>
          <reporter-output>
          </reporter-output>
        </test-method> <!-- setup -->
        <test-method signature="login_Test()[pri:0, instance:com.netbanking.testcases.TC001_Login_Test@2034b64c]" started-at="2024-07-20T10:25:52 IST" name="login_Test" finished-at="2024-07-20T10:25:58 IST" duration-ms="6303" status="PASS">
          <reporter-output>
          </reporter-output>
        </test-method> <!-- login_Test -->
        <test-method is-config="true" signature="tearDown()[pri:0, instance:com.netbanking.testcases.TC001_Login_Test@2034b64c]" started-at="2024-07-20T10:25:58 IST" name="tearDown" finished-at="2024-07-20T10:25:59 IST" duration-ms="250" status="PASS">
          <reporter-output>
          </reporter-output>
        </test-method> <!-- tearDown -->
      </class> <!-- com.netbanking.testcases.TC001_Login_Test -->
    </test> <!-- test -->
  </suite> <!-- Suite -->
</testng-results>
