<?xml version="1.0" encoding="UTF-8"?>
<testng-results ignored="0" total="1" passed="1" failed="0" skipped="0">
  <reporter-output>
  </reporter-output>
  <suite started-at="2024-07-23T22:14:33 IST" name="Suite" finished-at="2024-07-23T22:14:44 IST" duration-ms="11071">
    <groups>
    </groups>
    <test started-at="2024-07-23T22:14:33 IST" name="test" finished-at="2024-07-23T22:14:44 IST" duration-ms="11071">
      <class name="com.netbanking.testcases.TC003_AddNewCustomer">
        <test-method is-config="true" signature="setup(java.lang.String)[pri:0, instance:com.netbanking.testcases.TC003_AddNewCustomer@3857f613]" started-at="2024-07-23T22:14:33 IST" name="setup" finished-at="2024-07-23T22:14:38 IST" duration-ms="5031" status="PASS">
          <params>
            <param index="0">
              <value>
                <![CDATA[chrome]]>
              </value>
            </param>
          </params>
          <reporter-output>
          </reporter-output>
        </test-method> <!-- setup -->
        <test-method signature="Test_NewCustomer()[pri:0, instance:com.netbanking.testcases.TC003_AddNewCustomer@3857f613]" started-at="2024-07-23T22:14:38 IST" name="Test_NewCustomer" finished-at="2024-07-23T22:14:44 IST" duration-ms="5379" status="PASS">
          <reporter-output>
          </reporter-output>
        </test-method> <!-- Test_NewCustomer -->
        <test-method is-config="true" signature="tearDown()[pri:0, instance:com.netbanking.testcases.TC003_AddNewCustomer@3857f613]" started-at="2024-07-23T22:14:44 IST" name="tearDown" finished-at="2024-07-23T22:14:44 IST" duration-ms="425" status="PASS">
          <reporter-output>
          </reporter-output>
        </test-method> <!-- tearDown -->
      </class> <!-- com.netbanking.testcases.TC003_AddNewCustomer -->
    </test> <!-- test -->
  </suite> <!-- Suite -->
</testng-results>
